ERROR - 2025-11-20 04:39:40 --> Error connecting to the database: mysqli_sql_exception: Access denied for user ''@'localhost' (using password: NO) in C:\Users\Admin\Documents\GitHub\Farmart\agriconnect-ci4\vendor\codeigniter4\framework\system\Database\MySQLi\Connection.php:201
Stack trace:
#0 C:\Users\Admin\Documents\GitHub\Farmart\agriconnect-ci4\vendor\codeigniter4\framework\system\Database\MySQLi\Connection.php(201): mysqli->real_connect('localhost', '', Object(SensitiveParameterValue), '', 3306, '', 0)
#1 C:\Users\Admin\Documents\GitHub\Farmart\agriconnect-ci4\vendor\codeigniter4\framework\system\Database\BaseConnection.php(419): CodeIgniter\Database\MySQLi\Connection->connect(false)
#2 C:\Users\Admin\Documents\GitHub\Farmart\agriconnect-ci4\vendor\codeigniter4\framework\system\Database\BaseConnection.php(614): CodeIgniter\Database\BaseConnection->initialize()
#3 C:\Users\Admin\Documents\GitHub\Farmart\agriconnect-ci4\vendor\codeigniter4\framework\system\Database\BaseBuilder.php(1649): CodeIgniter\Database\BaseConnection->query('SELECT `product...', Array, false)
#4 C:\Users\Admin\Documents\GitHub\Farmart\agriconnect-ci4\vendor\codeigniter4\framework\system\Model.php(925): CodeIgniter\Database\BaseBuilder->get()
#5 C:\Users\Admin\Documents\GitHub\Farmart\agriconnect-ci4\app\Models\ProductModel.php(69): CodeIgniter\Model->__call('get', Array)
#6 C:\Users\Admin\Documents\GitHub\Farmart\agriconnect-ci4\app\Controllers\Home.php(15): App\Models\ProductModel->getAvailableProducts(8)
#7 C:\Users\Admin\Documents\GitHub\Farmart\agriconnect-ci4\vendor\codeigniter4\framework\system\CodeIgniter.php(933): App\Controllers\Home->index()
#8 C:\Users\Admin\Documents\GitHub\Farmart\agriconnect-ci4\vendor\codeigniter4\framework\system\CodeIgniter.php(507): CodeIgniter\CodeIgniter->runController(Object(App\Controllers\Home))
#9 C:\Users\Admin\Documents\GitHub\Farmart\agriconnect-ci4\vendor\codeigniter4\framework\system\CodeIgniter.php(354): CodeIgniter\CodeIgniter->handleRequest(NULL, Object(Config\Cache), false)
#10 C:\Users\Admin\Documents\GitHub\Farmart\agriconnect-ci4\vendor\codeigniter4\framework\system\Boot.php(363): CodeIgniter\CodeIgniter->run()
#11 C:\Users\Admin\Documents\GitHub\Farmart\agriconnect-ci4\vendor\codeigniter4\framework\system\Boot.php(68): CodeIgniter\Boot::runCodeIgniter(Object(CodeIgniter\CodeIgniter))
#12 C:\Users\Admin\Documents\GitHub\Farmart\agriconnect-ci4\public\index.php(59): CodeIgniter\Boot::bootWeb(Object(Config\Paths))
#13 C:\Users\Admin\Documents\GitHub\Farmart\agriconnect-ci4\vendor\codeigniter4\framework\system\rewrite.php(44): require_once('C:\\Users\\Admin\\...')
#14 {main}

Next CodeIgniter\Database\Exceptions\DatabaseException: Access denied for user ''@'localhost' (using password: NO) in C:\Users\Admin\Documents\GitHub\Farmart\agriconnect-ci4\vendor\codeigniter4\framework\system\Database\MySQLi\Connection.php:246
Stack trace:
#0 C:\Users\Admin\Documents\GitHub\Farmart\agriconnect-ci4\vendor\codeigniter4\framework\system\Database\BaseConnection.php(419): CodeIgniter\Database\MySQLi\Connection->connect(false)
#1 C:\Users\Admin\Documents\GitHub\Farmart\agriconnect-ci4\vendor\codeigniter4\framework\system\Database\BaseConnection.php(614): CodeIgniter\Database\BaseConnection->initialize()
#2 C:\Users\Admin\Documents\GitHub\Farmart\agriconnect-ci4\vendor\codeigniter4\framework\system\Database\BaseBuilder.php(1649): CodeIgniter\Database\BaseConnection->query('SELECT `product...', Array, false)
#3 C:\Users\Admin\Documents\GitHub\Farmart\agriconnect-ci4\vendor\codeigniter4\framework\system\Model.php(925): CodeIgniter\Database\BaseBuilder->get()
#4 C:\Users\Admin\Documents\GitHub\Farmart\agriconnect-ci4\app\Models\ProductModel.php(69): CodeIgniter\Model->__call('get', Array)
#5 C:\Users\Admin\Documents\GitHub\Farmart\agriconnect-ci4\app\Controllers\Home.php(15): App\Models\ProductModel->getAvailableProducts(8)
#6 C:\Users\Admin\Documents\GitHub\Farmart\agriconnect-ci4\vendor\codeigniter4\framework\system\CodeIgniter.php(933): App\Controllers\Home->index()
#7 C:\Users\Admin\Documents\GitHub\Farmart\agriconnect-ci4\vendor\codeigniter4\framework\system\CodeIgniter.php(507): CodeIgniter\CodeIgniter->runController(Object(App\Controllers\Home))
#8 C:\Users\Admin\Documents\GitHub\Farmart\agriconnect-ci4\vendor\codeigniter4\framework\system\CodeIgniter.php(354): CodeIgniter\CodeIgniter->handleRequest(NULL, Object(Config\Cache), false)
#9 C:\Users\Admin\Documents\GitHub\Farmart\agriconnect-ci4\vendor\codeigniter4\framework\system\Boot.php(363): CodeIgniter\CodeIgniter->run()
#10 C:\Users\Admin\Documents\GitHub\Farmart\agriconnect-ci4\vendor\codeigniter4\framework\system\Boot.php(68): CodeIgniter\Boot::runCodeIgniter(Object(CodeIgniter\CodeIgniter))
#11 C:\Users\Admin\Documents\GitHub\Farmart\agriconnect-ci4\public\index.php(59): CodeIgniter\Boot::bootWeb(Object(Config\Paths))
#12 C:\Users\Admin\Documents\GitHub\Farmart\agriconnect-ci4\vendor\codeigniter4\framework\system\rewrite.php(44): require_once('C:\\Users\\Admin\\...')
#13 {main}
CRITICAL - 2025-11-20 04:39:40 --> CodeIgniter\Database\Exceptions\DatabaseException: Unable to connect to the database.
Main connection [MySQLi]: Access denied for user ''@'localhost' (using password: NO)
[Method: GET, Route: /]
in SYSTEMPATH\Database\BaseConnection.php on line 465.
 1 SYSTEMPATH\Database\BaseConnection.php(614): CodeIgniter\Database\BaseConnection->initialize()
 2 SYSTEMPATH\Database\BaseBuilder.php(1649): CodeIgniter\Database\BaseConnection->query('SELECT `products`.*, `users`.`name` as `farmer_name`, `users`.`phone` as `farmer_phone`, `users`.`cooperative`
FROM `products`
JOIN `users` ON `users`.`id` = `products`.`farmer_id`
WHERE `products`.`status` = :products.status:
AND `products`.`stock_quantity` > :products.stock_quantity:
ORDER BY `products`.`created_at` DESC
 LIMIT 8', [...], false)
 3 SYSTEMPATH\Model.php(925): CodeIgniter\Database\BaseBuilder->get()
 4 APPPATH\Models\ProductModel.php(69): CodeIgniter\Model->__call('get', [])
 5 APPPATH\Controllers\Home.php(15): App\Models\ProductModel->getAvailableProducts(8)
 6 SYSTEMPATH\CodeIgniter.php(933): App\Controllers\Home->index()
 7 SYSTEMPATH\CodeIgniter.php(507): CodeIgniter\CodeIgniter->runController(Object(App\Controllers\Home))
 8 SYSTEMPATH\CodeIgniter.php(354): CodeIgniter\CodeIgniter->handleRequest(null, Object(Config\Cache), false)
 9 SYSTEMPATH\Boot.php(363): CodeIgniter\CodeIgniter->run()
10 SYSTEMPATH\Boot.php(68): CodeIgniter\Boot::runCodeIgniter(Object(CodeIgniter\CodeIgniter))
11 FCPATH\index.php(59): CodeIgniter\Boot::bootWeb(Object(Config\Paths))
12 SYSTEMPATH\rewrite.php(44): require_once('C:\\Users\\Admin\\Documents\\GitHub\\Farmart\\agriconnect-ci4\\public\\index.php')
ERROR - 2025-11-20 04:40:03 --> Error connecting to the database: mysqli_sql_exception: Access denied for user ''@'localhost' (using password: NO) in C:\Users\Admin\Documents\GitHub\Farmart\agriconnect-ci4\vendor\codeigniter4\framework\system\Database\MySQLi\Connection.php:201
Stack trace:
#0 C:\Users\Admin\Documents\GitHub\Farmart\agriconnect-ci4\vendor\codeigniter4\framework\system\Database\MySQLi\Connection.php(201): mysqli->real_connect('localhost', '', Object(SensitiveParameterValue), '', 3306, '', 0)
#1 C:\Users\Admin\Documents\GitHub\Farmart\agriconnect-ci4\vendor\codeigniter4\framework\system\Database\BaseConnection.php(419): CodeIgniter\Database\MySQLi\Connection->connect(false)
#2 C:\Users\Admin\Documents\GitHub\Farmart\agriconnect-ci4\vendor\codeigniter4\framework\system\Database\BaseConnection.php(614): CodeIgniter\Database\BaseConnection->initialize()
#3 C:\Users\Admin\Documents\GitHub\Farmart\agriconnect-ci4\vendor\codeigniter4\framework\system\Database\BaseBuilder.php(1649): CodeIgniter\Database\BaseConnection->query('SELECT `product...', Array, false)
#4 C:\Users\Admin\Documents\GitHub\Farmart\agriconnect-ci4\vendor\codeigniter4\framework\system\Model.php(925): CodeIgniter\Database\BaseBuilder->get()
#5 C:\Users\Admin\Documents\GitHub\Farmart\agriconnect-ci4\app\Models\ProductModel.php(69): CodeIgniter\Model->__call('get', Array)
#6 C:\Users\Admin\Documents\GitHub\Farmart\agriconnect-ci4\app\Controllers\Home.php(15): App\Models\ProductModel->getAvailableProducts(8)
#7 C:\Users\Admin\Documents\GitHub\Farmart\agriconnect-ci4\vendor\codeigniter4\framework\system\CodeIgniter.php(933): App\Controllers\Home->index()
#8 C:\Users\Admin\Documents\GitHub\Farmart\agriconnect-ci4\vendor\codeigniter4\framework\system\CodeIgniter.php(507): CodeIgniter\CodeIgniter->runController(Object(App\Controllers\Home))
#9 C:\Users\Admin\Documents\GitHub\Farmart\agriconnect-ci4\vendor\codeigniter4\framework\system\CodeIgniter.php(354): CodeIgniter\CodeIgniter->handleRequest(NULL, Object(Config\Cache), false)
#10 C:\Users\Admin\Documents\GitHub\Farmart\agriconnect-ci4\vendor\codeigniter4\framework\system\Boot.php(363): CodeIgniter\CodeIgniter->run()
#11 C:\Users\Admin\Documents\GitHub\Farmart\agriconnect-ci4\vendor\codeigniter4\framework\system\Boot.php(68): CodeIgniter\Boot::runCodeIgniter(Object(CodeIgniter\CodeIgniter))
#12 C:\Users\Admin\Documents\GitHub\Farmart\agriconnect-ci4\public\index.php(59): CodeIgniter\Boot::bootWeb(Object(Config\Paths))
#13 C:\Users\Admin\Documents\GitHub\Farmart\agriconnect-ci4\vendor\codeigniter4\framework\system\rewrite.php(44): require_once('C:\\Users\\Admin\\...')
#14 {main}

Next CodeIgniter\Database\Exceptions\DatabaseException: Access denied for user ''@'localhost' (using password: NO) in C:\Users\Admin\Documents\GitHub\Farmart\agriconnect-ci4\vendor\codeigniter4\framework\system\Database\MySQLi\Connection.php:246
Stack trace:
#0 C:\Users\Admin\Documents\GitHub\Farmart\agriconnect-ci4\vendor\codeigniter4\framework\system\Database\BaseConnection.php(419): CodeIgniter\Database\MySQLi\Connection->connect(false)
#1 C:\Users\Admin\Documents\GitHub\Farmart\agriconnect-ci4\vendor\codeigniter4\framework\system\Database\BaseConnection.php(614): CodeIgniter\Database\BaseConnection->initialize()
#2 C:\Users\Admin\Documents\GitHub\Farmart\agriconnect-ci4\vendor\codeigniter4\framework\system\Database\BaseBuilder.php(1649): CodeIgniter\Database\BaseConnection->query('SELECT `product...', Array, false)
#3 C:\Users\Admin\Documents\GitHub\Farmart\agriconnect-ci4\vendor\codeigniter4\framework\system\Model.php(925): CodeIgniter\Database\BaseBuilder->get()
#4 C:\Users\Admin\Documents\GitHub\Farmart\agriconnect-ci4\app\Models\ProductModel.php(69): CodeIgniter\Model->__call('get', Array)
#5 C:\Users\Admin\Documents\GitHub\Farmart\agriconnect-ci4\app\Controllers\Home.php(15): App\Models\ProductModel->getAvailableProducts(8)
#6 C:\Users\Admin\Documents\GitHub\Farmart\agriconnect-ci4\vendor\codeigniter4\framework\system\CodeIgniter.php(933): App\Controllers\Home->index()
#7 C:\Users\Admin\Documents\GitHub\Farmart\agriconnect-ci4\vendor\codeigniter4\framework\system\CodeIgniter.php(507): CodeIgniter\CodeIgniter->runController(Object(App\Controllers\Home))
#8 C:\Users\Admin\Documents\GitHub\Farmart\agriconnect-ci4\vendor\codeigniter4\framework\system\CodeIgniter.php(354): CodeIgniter\CodeIgniter->handleRequest(NULL, Object(Config\Cache), false)
#9 C:\Users\Admin\Documents\GitHub\Farmart\agriconnect-ci4\vendor\codeigniter4\framework\system\Boot.php(363): CodeIgniter\CodeIgniter->run()
#10 C:\Users\Admin\Documents\GitHub\Farmart\agriconnect-ci4\vendor\codeigniter4\framework\system\Boot.php(68): CodeIgniter\Boot::runCodeIgniter(Object(CodeIgniter\CodeIgniter))
#11 C:\Users\Admin\Documents\GitHub\Farmart\agriconnect-ci4\public\index.php(59): CodeIgniter\Boot::bootWeb(Object(Config\Paths))
#12 C:\Users\Admin\Documents\GitHub\Farmart\agriconnect-ci4\vendor\codeigniter4\framework\system\rewrite.php(44): require_once('C:\\Users\\Admin\\...')
#13 {main}
CRITICAL - 2025-11-20 04:40:03 --> CodeIgniter\Database\Exceptions\DatabaseException: Unable to connect to the database.
Main connection [MySQLi]: Access denied for user ''@'localhost' (using password: NO)
[Method: GET, Route: /]
in SYSTEMPATH\Database\BaseConnection.php on line 465.
 1 SYSTEMPATH\Database\BaseConnection.php(614): CodeIgniter\Database\BaseConnection->initialize()
 2 SYSTEMPATH\Database\BaseBuilder.php(1649): CodeIgniter\Database\BaseConnection->query('SELECT `products`.*, `users`.`name` as `farmer_name`, `users`.`phone` as `farmer_phone`, `users`.`cooperative`
FROM `products`
JOIN `users` ON `users`.`id` = `products`.`farmer_id`
WHERE `products`.`status` = :products.status:
AND `products`.`stock_quantity` > :products.stock_quantity:
ORDER BY `products`.`created_at` DESC
 LIMIT 8', [...], false)
 3 SYSTEMPATH\Model.php(925): CodeIgniter\Database\BaseBuilder->get()
 4 APPPATH\Models\ProductModel.php(69): CodeIgniter\Model->__call('get', [])
 5 APPPATH\Controllers\Home.php(15): App\Models\ProductModel->getAvailableProducts(8)
 6 SYSTEMPATH\CodeIgniter.php(933): App\Controllers\Home->index()
 7 SYSTEMPATH\CodeIgniter.php(507): CodeIgniter\CodeIgniter->runController(Object(App\Controllers\Home))
 8 SYSTEMPATH\CodeIgniter.php(354): CodeIgniter\CodeIgniter->handleRequest(null, Object(Config\Cache), false)
 9 SYSTEMPATH\Boot.php(363): CodeIgniter\CodeIgniter->run()
10 SYSTEMPATH\Boot.php(68): CodeIgniter\Boot::runCodeIgniter(Object(CodeIgniter\CodeIgniter))
11 FCPATH\index.php(59): CodeIgniter\Boot::bootWeb(Object(Config\Paths))
12 SYSTEMPATH\rewrite.php(44): require_once('C:\\Users\\Admin\\Documents\\GitHub\\Farmart\\agriconnect-ci4\\public\\index.php')
ERROR - 2025-11-20 04:40:06 --> Error connecting to the database: mysqli_sql_exception: Access denied for user ''@'localhost' (using password: NO) in C:\Users\Admin\Documents\GitHub\Farmart\agriconnect-ci4\vendor\codeigniter4\framework\system\Database\MySQLi\Connection.php:201
Stack trace:
#0 C:\Users\Admin\Documents\GitHub\Farmart\agriconnect-ci4\vendor\codeigniter4\framework\system\Database\MySQLi\Connection.php(201): mysqli->real_connect('localhost', '', Object(SensitiveParameterValue), '', 3306, '', 0)
#1 C:\Users\Admin\Documents\GitHub\Farmart\agriconnect-ci4\vendor\codeigniter4\framework\system\Database\BaseConnection.php(419): CodeIgniter\Database\MySQLi\Connection->connect(false)
#2 C:\Users\Admin\Documents\GitHub\Farmart\agriconnect-ci4\vendor\codeigniter4\framework\system\Database\BaseConnection.php(614): CodeIgniter\Database\BaseConnection->initialize()
#3 C:\Users\Admin\Documents\GitHub\Farmart\agriconnect-ci4\vendor\codeigniter4\framework\system\Database\BaseBuilder.php(1649): CodeIgniter\Database\BaseConnection->query('SELECT `product...', Array, false)
#4 C:\Users\Admin\Documents\GitHub\Farmart\agriconnect-ci4\vendor\codeigniter4\framework\system\Model.php(925): CodeIgniter\Database\BaseBuilder->get()
#5 C:\Users\Admin\Documents\GitHub\Farmart\agriconnect-ci4\app\Models\ProductModel.php(69): CodeIgniter\Model->__call('get', Array)
#6 C:\Users\Admin\Documents\GitHub\Farmart\agriconnect-ci4\app\Controllers\Home.php(15): App\Models\ProductModel->getAvailableProducts(8)
#7 C:\Users\Admin\Documents\GitHub\Farmart\agriconnect-ci4\vendor\codeigniter4\framework\system\CodeIgniter.php(933): App\Controllers\Home->index()
#8 C:\Users\Admin\Documents\GitHub\Farmart\agriconnect-ci4\vendor\codeigniter4\framework\system\CodeIgniter.php(507): CodeIgniter\CodeIgniter->runController(Object(App\Controllers\Home))
#9 C:\Users\Admin\Documents\GitHub\Farmart\agriconnect-ci4\vendor\codeigniter4\framework\system\CodeIgniter.php(354): CodeIgniter\CodeIgniter->handleRequest(NULL, Object(Config\Cache), false)
#10 C:\Users\Admin\Documents\GitHub\Farmart\agriconnect-ci4\vendor\codeigniter4\framework\system\Boot.php(363): CodeIgniter\CodeIgniter->run()
#11 C:\Users\Admin\Documents\GitHub\Farmart\agriconnect-ci4\vendor\codeigniter4\framework\system\Boot.php(68): CodeIgniter\Boot::runCodeIgniter(Object(CodeIgniter\CodeIgniter))
#12 C:\Users\Admin\Documents\GitHub\Farmart\agriconnect-ci4\public\index.php(59): CodeIgniter\Boot::bootWeb(Object(Config\Paths))
#13 C:\Users\Admin\Documents\GitHub\Farmart\agriconnect-ci4\vendor\codeigniter4\framework\system\rewrite.php(44): require_once('C:\\Users\\Admin\\...')
#14 {main}

Next CodeIgniter\Database\Exceptions\DatabaseException: Access denied for user ''@'localhost' (using password: NO) in C:\Users\Admin\Documents\GitHub\Farmart\agriconnect-ci4\vendor\codeigniter4\framework\system\Database\MySQLi\Connection.php:246
Stack trace:
#0 C:\Users\Admin\Documents\GitHub\Farmart\agriconnect-ci4\vendor\codeigniter4\framework\system\Database\BaseConnection.php(419): CodeIgniter\Database\MySQLi\Connection->connect(false)
#1 C:\Users\Admin\Documents\GitHub\Farmart\agriconnect-ci4\vendor\codeigniter4\framework\system\Database\BaseConnection.php(614): CodeIgniter\Database\BaseConnection->initialize()
#2 C:\Users\Admin\Documents\GitHub\Farmart\agriconnect-ci4\vendor\codeigniter4\framework\system\Database\BaseBuilder.php(1649): CodeIgniter\Database\BaseConnection->query('SELECT `product...', Array, false)
#3 C:\Users\Admin\Documents\GitHub\Farmart\agriconnect-ci4\vendor\codeigniter4\framework\system\Model.php(925): CodeIgniter\Database\BaseBuilder->get()
#4 C:\Users\Admin\Documents\GitHub\Farmart\agriconnect-ci4\app\Models\ProductModel.php(69): CodeIgniter\Model->__call('get', Array)
#5 C:\Users\Admin\Documents\GitHub\Farmart\agriconnect-ci4\app\Controllers\Home.php(15): App\Models\ProductModel->getAvailableProducts(8)
#6 C:\Users\Admin\Documents\GitHub\Farmart\agriconnect-ci4\vendor\codeigniter4\framework\system\CodeIgniter.php(933): App\Controllers\Home->index()
#7 C:\Users\Admin\Documents\GitHub\Farmart\agriconnect-ci4\vendor\codeigniter4\framework\system\CodeIgniter.php(507): CodeIgniter\CodeIgniter->runController(Object(App\Controllers\Home))
#8 C:\Users\Admin\Documents\GitHub\Farmart\agriconnect-ci4\vendor\codeigniter4\framework\system\CodeIgniter.php(354): CodeIgniter\CodeIgniter->handleRequest(NULL, Object(Config\Cache), false)
#9 C:\Users\Admin\Documents\GitHub\Farmart\agriconnect-ci4\vendor\codeigniter4\framework\system\Boot.php(363): CodeIgniter\CodeIgniter->run()
#10 C:\Users\Admin\Documents\GitHub\Farmart\agriconnect-ci4\vendor\codeigniter4\framework\system\Boot.php(68): CodeIgniter\Boot::runCodeIgniter(Object(CodeIgniter\CodeIgniter))
#11 C:\Users\Admin\Documents\GitHub\Farmart\agriconnect-ci4\public\index.php(59): CodeIgniter\Boot::bootWeb(Object(Config\Paths))
#12 C:\Users\Admin\Documents\GitHub\Farmart\agriconnect-ci4\vendor\codeigniter4\framework\system\rewrite.php(44): require_once('C:\\Users\\Admin\\...')
#13 {main}
CRITICAL - 2025-11-20 04:40:06 --> CodeIgniter\Database\Exceptions\DatabaseException: Unable to connect to the database.
Main connection [MySQLi]: Access denied for user ''@'localhost' (using password: NO)
[Method: GET, Route: /]
in SYSTEMPATH\Database\BaseConnection.php on line 465.
 1 SYSTEMPATH\Database\BaseConnection.php(614): CodeIgniter\Database\BaseConnection->initialize()
 2 SYSTEMPATH\Database\BaseBuilder.php(1649): CodeIgniter\Database\BaseConnection->query('SELECT `products`.*, `users`.`name` as `farmer_name`, `users`.`phone` as `farmer_phone`, `users`.`cooperative`
FROM `products`
JOIN `users` ON `users`.`id` = `products`.`farmer_id`
WHERE `products`.`status` = :products.status:
AND `products`.`stock_quantity` > :products.stock_quantity:
ORDER BY `products`.`created_at` DESC
 LIMIT 8', [...], false)
 3 SYSTEMPATH\Model.php(925): CodeIgniter\Database\BaseBuilder->get()
 4 APPPATH\Models\ProductModel.php(69): CodeIgniter\Model->__call('get', [])
 5 APPPATH\Controllers\Home.php(15): App\Models\ProductModel->getAvailableProducts(8)
 6 SYSTEMPATH\CodeIgniter.php(933): App\Controllers\Home->index()
 7 SYSTEMPATH\CodeIgniter.php(507): CodeIgniter\CodeIgniter->runController(Object(App\Controllers\Home))
 8 SYSTEMPATH\CodeIgniter.php(354): CodeIgniter\CodeIgniter->handleRequest(null, Object(Config\Cache), false)
 9 SYSTEMPATH\Boot.php(363): CodeIgniter\CodeIgniter->run()
10 SYSTEMPATH\Boot.php(68): CodeIgniter\Boot::runCodeIgniter(Object(CodeIgniter\CodeIgniter))
11 FCPATH\index.php(59): CodeIgniter\Boot::bootWeb(Object(Config\Paths))
12 SYSTEMPATH\rewrite.php(44): require_once('C:\\Users\\Admin\\Documents\\GitHub\\Farmart\\agriconnect-ci4\\public\\index.php')
ERROR - 2025-11-20 04:41:50 --> Error connecting to the database: mysqli_sql_exception: Access denied for user ''@'localhost' (using password: NO) in C:\Users\Admin\Documents\GitHub\Farmart\agriconnect-ci4\vendor\codeigniter4\framework\system\Database\MySQLi\Connection.php:201
Stack trace:
#0 C:\Users\Admin\Documents\GitHub\Farmart\agriconnect-ci4\vendor\codeigniter4\framework\system\Database\MySQLi\Connection.php(201): mysqli->real_connect('localhost', '', Object(SensitiveParameterValue), '', 3306, '', 0)
#1 C:\Users\Admin\Documents\GitHub\Farmart\agriconnect-ci4\vendor\codeigniter4\framework\system\Database\BaseConnection.php(419): CodeIgniter\Database\MySQLi\Connection->connect(false)
#2 C:\Users\Admin\Documents\GitHub\Farmart\agriconnect-ci4\vendor\codeigniter4\framework\system\Database\BaseConnection.php(614): CodeIgniter\Database\BaseConnection->initialize()
#3 C:\Users\Admin\Documents\GitHub\Farmart\agriconnect-ci4\vendor\codeigniter4\framework\system\Database\BaseBuilder.php(1649): CodeIgniter\Database\BaseConnection->query('SELECT `product...', Array, false)
#4 C:\Users\Admin\Documents\GitHub\Farmart\agriconnect-ci4\vendor\codeigniter4\framework\system\Model.php(925): CodeIgniter\Database\BaseBuilder->get()
#5 C:\Users\Admin\Documents\GitHub\Farmart\agriconnect-ci4\app\Models\ProductModel.php(69): CodeIgniter\Model->__call('get', Array)
#6 C:\Users\Admin\Documents\GitHub\Farmart\agriconnect-ci4\app\Controllers\Home.php(15): App\Models\ProductModel->getAvailableProducts(8)
#7 C:\Users\Admin\Documents\GitHub\Farmart\agriconnect-ci4\vendor\codeigniter4\framework\system\CodeIgniter.php(933): App\Controllers\Home->index()
#8 C:\Users\Admin\Documents\GitHub\Farmart\agriconnect-ci4\vendor\codeigniter4\framework\system\CodeIgniter.php(507): CodeIgniter\CodeIgniter->runController(Object(App\Controllers\Home))
#9 C:\Users\Admin\Documents\GitHub\Farmart\agriconnect-ci4\vendor\codeigniter4\framework\system\CodeIgniter.php(354): CodeIgniter\CodeIgniter->handleRequest(NULL, Object(Config\Cache), false)
#10 C:\Users\Admin\Documents\GitHub\Farmart\agriconnect-ci4\vendor\codeigniter4\framework\system\Boot.php(363): CodeIgniter\CodeIgniter->run()
#11 C:\Users\Admin\Documents\GitHub\Farmart\agriconnect-ci4\vendor\codeigniter4\framework\system\Boot.php(68): CodeIgniter\Boot::runCodeIgniter(Object(CodeIgniter\CodeIgniter))
#12 C:\Users\Admin\Documents\GitHub\Farmart\agriconnect-ci4\public\index.php(59): CodeIgniter\Boot::bootWeb(Object(Config\Paths))
#13 C:\Users\Admin\Documents\GitHub\Farmart\agriconnect-ci4\vendor\codeigniter4\framework\system\rewrite.php(44): require_once('C:\\Users\\Admin\\...')
#14 {main}

Next CodeIgniter\Database\Exceptions\DatabaseException: Access denied for user ''@'localhost' (using password: NO) in C:\Users\Admin\Documents\GitHub\Farmart\agriconnect-ci4\vendor\codeigniter4\framework\system\Database\MySQLi\Connection.php:246
Stack trace:
#0 C:\Users\Admin\Documents\GitHub\Farmart\agriconnect-ci4\vendor\codeigniter4\framework\system\Database\BaseConnection.php(419): CodeIgniter\Database\MySQLi\Connection->connect(false)
#1 C:\Users\Admin\Documents\GitHub\Farmart\agriconnect-ci4\vendor\codeigniter4\framework\system\Database\BaseConnection.php(614): CodeIgniter\Database\BaseConnection->initialize()
#2 C:\Users\Admin\Documents\GitHub\Farmart\agriconnect-ci4\vendor\codeigniter4\framework\system\Database\BaseBuilder.php(1649): CodeIgniter\Database\BaseConnection->query('SELECT `product...', Array, false)
#3 C:\Users\Admin\Documents\GitHub\Farmart\agriconnect-ci4\vendor\codeigniter4\framework\system\Model.php(925): CodeIgniter\Database\BaseBuilder->get()
#4 C:\Users\Admin\Documents\GitHub\Farmart\agriconnect-ci4\app\Models\ProductModel.php(69): CodeIgniter\Model->__call('get', Array)
#5 C:\Users\Admin\Documents\GitHub\Farmart\agriconnect-ci4\app\Controllers\Home.php(15): App\Models\ProductModel->getAvailableProducts(8)
#6 C:\Users\Admin\Documents\GitHub\Farmart\agriconnect-ci4\vendor\codeigniter4\framework\system\CodeIgniter.php(933): App\Controllers\Home->index()
#7 C:\Users\Admin\Documents\GitHub\Farmart\agriconnect-ci4\vendor\codeigniter4\framework\system\CodeIgniter.php(507): CodeIgniter\CodeIgniter->runController(Object(App\Controllers\Home))
#8 C:\Users\Admin\Documents\GitHub\Farmart\agriconnect-ci4\vendor\codeigniter4\framework\system\CodeIgniter.php(354): CodeIgniter\CodeIgniter->handleRequest(NULL, Object(Config\Cache), false)
#9 C:\Users\Admin\Documents\GitHub\Farmart\agriconnect-ci4\vendor\codeigniter4\framework\system\Boot.php(363): CodeIgniter\CodeIgniter->run()
#10 C:\Users\Admin\Documents\GitHub\Farmart\agriconnect-ci4\vendor\codeigniter4\framework\system\Boot.php(68): CodeIgniter\Boot::runCodeIgniter(Object(CodeIgniter\CodeIgniter))
#11 C:\Users\Admin\Documents\GitHub\Farmart\agriconnect-ci4\public\index.php(59): CodeIgniter\Boot::bootWeb(Object(Config\Paths))
#12 C:\Users\Admin\Documents\GitHub\Farmart\agriconnect-ci4\vendor\codeigniter4\framework\system\rewrite.php(44): require_once('C:\\Users\\Admin\\...')
#13 {main}
CRITICAL - 2025-11-20 04:41:50 --> CodeIgniter\Database\Exceptions\DatabaseException: Unable to connect to the database.
Main connection [MySQLi]: Access denied for user ''@'localhost' (using password: NO)
[Method: GET, Route: /]
in SYSTEMPATH\Database\BaseConnection.php on line 465.
 1 SYSTEMPATH\Database\BaseConnection.php(614): CodeIgniter\Database\BaseConnection->initialize()
 2 SYSTEMPATH\Database\BaseBuilder.php(1649): CodeIgniter\Database\BaseConnection->query('SELECT `products`.*, `users`.`name` as `farmer_name`, `users`.`phone` as `farmer_phone`, `users`.`cooperative`
FROM `products`
JOIN `users` ON `users`.`id` = `products`.`farmer_id`
WHERE `products`.`status` = :products.status:
AND `products`.`stock_quantity` > :products.stock_quantity:
ORDER BY `products`.`created_at` DESC
 LIMIT 8', [...], false)
 3 SYSTEMPATH\Model.php(925): CodeIgniter\Database\BaseBuilder->get()
 4 APPPATH\Models\ProductModel.php(69): CodeIgniter\Model->__call('get', [])
 5 APPPATH\Controllers\Home.php(15): App\Models\ProductModel->getAvailableProducts(8)
 6 SYSTEMPATH\CodeIgniter.php(933): App\Controllers\Home->index()
 7 SYSTEMPATH\CodeIgniter.php(507): CodeIgniter\CodeIgniter->runController(Object(App\Controllers\Home))
 8 SYSTEMPATH\CodeIgniter.php(354): CodeIgniter\CodeIgniter->handleRequest(null, Object(Config\Cache), false)
 9 SYSTEMPATH\Boot.php(363): CodeIgniter\CodeIgniter->run()
10 SYSTEMPATH\Boot.php(68): CodeIgniter\Boot::runCodeIgniter(Object(CodeIgniter\CodeIgniter))
11 FCPATH\index.php(59): CodeIgniter\Boot::bootWeb(Object(Config\Paths))
12 SYSTEMPATH\rewrite.php(44): require_once('C:\\Users\\Admin\\Documents\\GitHub\\Farmart\\agriconnect-ci4\\public\\index.php')
ERROR - 2025-11-20 04:42:43 --> Error connecting to the database: mysqli_sql_exception: Access denied for user ''@'localhost' (using password: NO) in C:\Users\Admin\Documents\GitHub\Farmart\agriconnect-ci4\vendor\codeigniter4\framework\system\Database\MySQLi\Connection.php:201
Stack trace:
#0 C:\Users\Admin\Documents\GitHub\Farmart\agriconnect-ci4\vendor\codeigniter4\framework\system\Database\MySQLi\Connection.php(201): mysqli->real_connect('localhost', '', Object(SensitiveParameterValue), '', 3306, '', 0)
#1 C:\Users\Admin\Documents\GitHub\Farmart\agriconnect-ci4\vendor\codeigniter4\framework\system\Database\BaseConnection.php(419): CodeIgniter\Database\MySQLi\Connection->connect(false)
#2 C:\Users\Admin\Documents\GitHub\Farmart\agriconnect-ci4\vendor\codeigniter4\framework\system\Database\BaseConnection.php(614): CodeIgniter\Database\BaseConnection->initialize()
#3 C:\Users\Admin\Documents\GitHub\Farmart\agriconnect-ci4\vendor\codeigniter4\framework\system\Database\BaseBuilder.php(1649): CodeIgniter\Database\BaseConnection->query('SELECT `product...', Array, false)
#4 C:\Users\Admin\Documents\GitHub\Farmart\agriconnect-ci4\vendor\codeigniter4\framework\system\Model.php(925): CodeIgniter\Database\BaseBuilder->get()
#5 C:\Users\Admin\Documents\GitHub\Farmart\agriconnect-ci4\app\Models\ProductModel.php(69): CodeIgniter\Model->__call('get', Array)
#6 C:\Users\Admin\Documents\GitHub\Farmart\agriconnect-ci4\app\Controllers\Home.php(18): App\Models\ProductModel->getAvailableProducts(8)
#7 C:\Users\Admin\Documents\GitHub\Farmart\agriconnect-ci4\vendor\codeigniter4\framework\system\CodeIgniter.php(933): App\Controllers\Home->index()
#8 C:\Users\Admin\Documents\GitHub\Farmart\agriconnect-ci4\vendor\codeigniter4\framework\system\CodeIgniter.php(507): CodeIgniter\CodeIgniter->runController(Object(App\Controllers\Home))
#9 C:\Users\Admin\Documents\GitHub\Farmart\agriconnect-ci4\vendor\codeigniter4\framework\system\CodeIgniter.php(354): CodeIgniter\CodeIgniter->handleRequest(NULL, Object(Config\Cache), false)
#10 C:\Users\Admin\Documents\GitHub\Farmart\agriconnect-ci4\vendor\codeigniter4\framework\system\Boot.php(363): CodeIgniter\CodeIgniter->run()
#11 C:\Users\Admin\Documents\GitHub\Farmart\agriconnect-ci4\vendor\codeigniter4\framework\system\Boot.php(68): CodeIgniter\Boot::runCodeIgniter(Object(CodeIgniter\CodeIgniter))
#12 C:\Users\Admin\Documents\GitHub\Farmart\agriconnect-ci4\public\index.php(59): CodeIgniter\Boot::bootWeb(Object(Config\Paths))
#13 C:\Users\Admin\Documents\GitHub\Farmart\agriconnect-ci4\vendor\codeigniter4\framework\system\rewrite.php(44): require_once('C:\\Users\\Admin\\...')
#14 {main}

Next CodeIgniter\Database\Exceptions\DatabaseException: Access denied for user ''@'localhost' (using password: NO) in C:\Users\Admin\Documents\GitHub\Farmart\agriconnect-ci4\vendor\codeigniter4\framework\system\Database\MySQLi\Connection.php:246
Stack trace:
#0 C:\Users\Admin\Documents\GitHub\Farmart\agriconnect-ci4\vendor\codeigniter4\framework\system\Database\BaseConnection.php(419): CodeIgniter\Database\MySQLi\Connection->connect(false)
#1 C:\Users\Admin\Documents\GitHub\Farmart\agriconnect-ci4\vendor\codeigniter4\framework\system\Database\BaseConnection.php(614): CodeIgniter\Database\BaseConnection->initialize()
#2 C:\Users\Admin\Documents\GitHub\Farmart\agriconnect-ci4\vendor\codeigniter4\framework\system\Database\BaseBuilder.php(1649): CodeIgniter\Database\BaseConnection->query('SELECT `product...', Array, false)
#3 C:\Users\Admin\Documents\GitHub\Farmart\agriconnect-ci4\vendor\codeigniter4\framework\system\Model.php(925): CodeIgniter\Database\BaseBuilder->get()
#4 C:\Users\Admin\Documents\GitHub\Farmart\agriconnect-ci4\app\Models\ProductModel.php(69): CodeIgniter\Model->__call('get', Array)
#5 C:\Users\Admin\Documents\GitHub\Farmart\agriconnect-ci4\app\Controllers\Home.php(18): App\Models\ProductModel->getAvailableProducts(8)
#6 C:\Users\Admin\Documents\GitHub\Farmart\agriconnect-ci4\vendor\codeigniter4\framework\system\CodeIgniter.php(933): App\Controllers\Home->index()
#7 C:\Users\Admin\Documents\GitHub\Farmart\agriconnect-ci4\vendor\codeigniter4\framework\system\CodeIgniter.php(507): CodeIgniter\CodeIgniter->runController(Object(App\Controllers\Home))
#8 C:\Users\Admin\Documents\GitHub\Farmart\agriconnect-ci4\vendor\codeigniter4\framework\system\CodeIgniter.php(354): CodeIgniter\CodeIgniter->handleRequest(NULL, Object(Config\Cache), false)
#9 C:\Users\Admin\Documents\GitHub\Farmart\agriconnect-ci4\vendor\codeigniter4\framework\system\Boot.php(363): CodeIgniter\CodeIgniter->run()
#10 C:\Users\Admin\Documents\GitHub\Farmart\agriconnect-ci4\vendor\codeigniter4\framework\system\Boot.php(68): CodeIgniter\Boot::runCodeIgniter(Object(CodeIgniter\CodeIgniter))
#11 C:\Users\Admin\Documents\GitHub\Farmart\agriconnect-ci4\public\index.php(59): CodeIgniter\Boot::bootWeb(Object(Config\Paths))
#12 C:\Users\Admin\Documents\GitHub\Farmart\agriconnect-ci4\vendor\codeigniter4\framework\system\rewrite.php(44): require_once('C:\\Users\\Admin\\...')
#13 {main}
ERROR - 2025-11-20 04:42:43 --> Failed to load featured products: Unable to connect to the database.
Main connection [MySQLi]: Access denied for user ''@'localhost' (using password: NO)
CRITICAL - 2025-11-20 04:42:43 --> CodeIgniter\View\Exceptions\ViewException: Invalid file: "layouts/main.php"
[Method: GET, Route: /]
in SYSTEMPATH\Exceptions\FrameworkException.php on line 39.
 1 SYSTEMPATH\View\View.php(214): CodeIgniter\Exceptions\FrameworkException::forInvalidFile('layouts/main.php')
 2 SYSTEMPATH\View\View.php(242): CodeIgniter\View\View->render('layouts/main', [], true)
 3 SYSTEMPATH\Common.php(1167): CodeIgniter\View\View->render('landing', [], true)
 4 APPPATH\Controllers\Home.php(24): view('landing', [...])
 5 SYSTEMPATH\CodeIgniter.php(933): App\Controllers\Home->index()
 6 SYSTEMPATH\CodeIgniter.php(507): CodeIgniter\CodeIgniter->runController(Object(App\Controllers\Home))
 7 SYSTEMPATH\CodeIgniter.php(354): CodeIgniter\CodeIgniter->handleRequest(null, Object(Config\Cache), false)
 8 SYSTEMPATH\Boot.php(363): CodeIgniter\CodeIgniter->run()
 9 SYSTEMPATH\Boot.php(68): CodeIgniter\Boot::runCodeIgniter(Object(CodeIgniter\CodeIgniter))
10 FCPATH\index.php(59): CodeIgniter\Boot::bootWeb(Object(Config\Paths))
11 SYSTEMPATH\rewrite.php(44): require_once('C:\\Users\\Admin\\Documents\\GitHub\\Farmart\\agriconnect-ci4\\public\\index.php')
ERROR - 2025-11-20 04:45:49 --> Error connecting to the database: mysqli_sql_exception: Access denied for user ''@'localhost' (using password: NO) in C:\Users\Admin\Documents\GitHub\Farmart\agriconnect-ci4\vendor\codeigniter4\framework\system\Database\MySQLi\Connection.php:201
Stack trace:
#0 C:\Users\Admin\Documents\GitHub\Farmart\agriconnect-ci4\vendor\codeigniter4\framework\system\Database\MySQLi\Connection.php(201): mysqli->real_connect('localhost', '', Object(SensitiveParameterValue), '', 3306, '', 0)
#1 C:\Users\Admin\Documents\GitHub\Farmart\agriconnect-ci4\vendor\codeigniter4\framework\system\Database\BaseConnection.php(419): CodeIgniter\Database\MySQLi\Connection->connect(false)
#2 C:\Users\Admin\Documents\GitHub\Farmart\agriconnect-ci4\vendor\codeigniter4\framework\system\Database\BaseConnection.php(614): CodeIgniter\Database\BaseConnection->initialize()
#3 C:\Users\Admin\Documents\GitHub\Farmart\agriconnect-ci4\vendor\codeigniter4\framework\system\Database\BaseBuilder.php(1649): CodeIgniter\Database\BaseConnection->query('SELECT `product...', Array, false)
#4 C:\Users\Admin\Documents\GitHub\Farmart\agriconnect-ci4\vendor\codeigniter4\framework\system\Model.php(925): CodeIgniter\Database\BaseBuilder->get()
#5 C:\Users\Admin\Documents\GitHub\Farmart\agriconnect-ci4\app\Models\ProductModel.php(69): CodeIgniter\Model->__call('get', Array)
#6 C:\Users\Admin\Documents\GitHub\Farmart\agriconnect-ci4\app\Controllers\Home.php(18): App\Models\ProductModel->getAvailableProducts(8)
#7 C:\Users\Admin\Documents\GitHub\Farmart\agriconnect-ci4\vendor\codeigniter4\framework\system\CodeIgniter.php(933): App\Controllers\Home->index()
#8 C:\Users\Admin\Documents\GitHub\Farmart\agriconnect-ci4\vendor\codeigniter4\framework\system\CodeIgniter.php(507): CodeIgniter\CodeIgniter->runController(Object(App\Controllers\Home))
#9 C:\Users\Admin\Documents\GitHub\Farmart\agriconnect-ci4\vendor\codeigniter4\framework\system\CodeIgniter.php(354): CodeIgniter\CodeIgniter->handleRequest(NULL, Object(Config\Cache), false)
#10 C:\Users\Admin\Documents\GitHub\Farmart\agriconnect-ci4\vendor\codeigniter4\framework\system\Boot.php(363): CodeIgniter\CodeIgniter->run()
#11 C:\Users\Admin\Documents\GitHub\Farmart\agriconnect-ci4\vendor\codeigniter4\framework\system\Boot.php(68): CodeIgniter\Boot::runCodeIgniter(Object(CodeIgniter\CodeIgniter))
#12 C:\Users\Admin\Documents\GitHub\Farmart\agriconnect-ci4\public\index.php(59): CodeIgniter\Boot::bootWeb(Object(Config\Paths))
#13 C:\Users\Admin\Documents\GitHub\Farmart\agriconnect-ci4\vendor\codeigniter4\framework\system\rewrite.php(44): require_once('C:\\Users\\Admin\\...')
#14 {main}

Next CodeIgniter\Database\Exceptions\DatabaseException: Access denied for user ''@'localhost' (using password: NO) in C:\Users\Admin\Documents\GitHub\Farmart\agriconnect-ci4\vendor\codeigniter4\framework\system\Database\MySQLi\Connection.php:246
Stack trace:
#0 C:\Users\Admin\Documents\GitHub\Farmart\agriconnect-ci4\vendor\codeigniter4\framework\system\Database\BaseConnection.php(419): CodeIgniter\Database\MySQLi\Connection->connect(false)
#1 C:\Users\Admin\Documents\GitHub\Farmart\agriconnect-ci4\vendor\codeigniter4\framework\system\Database\BaseConnection.php(614): CodeIgniter\Database\BaseConnection->initialize()
#2 C:\Users\Admin\Documents\GitHub\Farmart\agriconnect-ci4\vendor\codeigniter4\framework\system\Database\BaseBuilder.php(1649): CodeIgniter\Database\BaseConnection->query('SELECT `product...', Array, false)
#3 C:\Users\Admin\Documents\GitHub\Farmart\agriconnect-ci4\vendor\codeigniter4\framework\system\Model.php(925): CodeIgniter\Database\BaseBuilder->get()
#4 C:\Users\Admin\Documents\GitHub\Farmart\agriconnect-ci4\app\Models\ProductModel.php(69): CodeIgniter\Model->__call('get', Array)
#5 C:\Users\Admin\Documents\GitHub\Farmart\agriconnect-ci4\app\Controllers\Home.php(18): App\Models\ProductModel->getAvailableProducts(8)
#6 C:\Users\Admin\Documents\GitHub\Farmart\agriconnect-ci4\vendor\codeigniter4\framework\system\CodeIgniter.php(933): App\Controllers\Home->index()
#7 C:\Users\Admin\Documents\GitHub\Farmart\agriconnect-ci4\vendor\codeigniter4\framework\system\CodeIgniter.php(507): CodeIgniter\CodeIgniter->runController(Object(App\Controllers\Home))
#8 C:\Users\Admin\Documents\GitHub\Farmart\agriconnect-ci4\vendor\codeigniter4\framework\system\CodeIgniter.php(354): CodeIgniter\CodeIgniter->handleRequest(NULL, Object(Config\Cache), false)
#9 C:\Users\Admin\Documents\GitHub\Farmart\agriconnect-ci4\vendor\codeigniter4\framework\system\Boot.php(363): CodeIgniter\CodeIgniter->run()
#10 C:\Users\Admin\Documents\GitHub\Farmart\agriconnect-ci4\vendor\codeigniter4\framework\system\Boot.php(68): CodeIgniter\Boot::runCodeIgniter(Object(CodeIgniter\CodeIgniter))
#11 C:\Users\Admin\Documents\GitHub\Farmart\agriconnect-ci4\public\index.php(59): CodeIgniter\Boot::bootWeb(Object(Config\Paths))
#12 C:\Users\Admin\Documents\GitHub\Farmart\agriconnect-ci4\vendor\codeigniter4\framework\system\rewrite.php(44): require_once('C:\\Users\\Admin\\...')
#13 {main}
ERROR - 2025-11-20 04:45:49 --> Failed to load featured products: Unable to connect to the database.
Main connection [MySQLi]: Access denied for user ''@'localhost' (using password: NO)
CRITICAL - 2025-11-20 04:45:49 --> CodeIgniter\View\Exceptions\ViewException: Invalid file: "layouts/main.php"
[Method: GET, Route: /]
in SYSTEMPATH\Exceptions\FrameworkException.php on line 39.
 1 SYSTEMPATH\View\View.php(214): CodeIgniter\Exceptions\FrameworkException::forInvalidFile('layouts/main.php')
 2 SYSTEMPATH\View\View.php(242): CodeIgniter\View\View->render('layouts/main', [], true)
 3 SYSTEMPATH\Common.php(1167): CodeIgniter\View\View->render('landing', [], true)
 4 APPPATH\Controllers\Home.php(24): view('landing', [...])
 5 SYSTEMPATH\CodeIgniter.php(933): App\Controllers\Home->index()
 6 SYSTEMPATH\CodeIgniter.php(507): CodeIgniter\CodeIgniter->runController(Object(App\Controllers\Home))
 7 SYSTEMPATH\CodeIgniter.php(354): CodeIgniter\CodeIgniter->handleRequest(null, Object(Config\Cache), false)
 8 SYSTEMPATH\Boot.php(363): CodeIgniter\CodeIgniter->run()
 9 SYSTEMPATH\Boot.php(68): CodeIgniter\Boot::runCodeIgniter(Object(CodeIgniter\CodeIgniter))
10 FCPATH\index.php(59): CodeIgniter\Boot::bootWeb(Object(Config\Paths))
11 SYSTEMPATH\rewrite.php(44): require_once('C:\\Users\\Admin\\Documents\\GitHub\\Farmart\\agriconnect-ci4\\public\\index.php')
ERROR - 2025-11-20 04:48:37 --> Error connecting to the database: mysqli_sql_exception: Access denied for user ''@'localhost' (using password: NO) in C:\Users\Admin\Documents\GitHub\Farmart\agriconnect-ci4\vendor\codeigniter4\framework\system\Database\MySQLi\Connection.php:201
Stack trace:
#0 C:\Users\Admin\Documents\GitHub\Farmart\agriconnect-ci4\vendor\codeigniter4\framework\system\Database\MySQLi\Connection.php(201): mysqli->real_connect('localhost', '', Object(SensitiveParameterValue), '', 3306, '', 0)
#1 C:\Users\Admin\Documents\GitHub\Farmart\agriconnect-ci4\vendor\codeigniter4\framework\system\Database\BaseConnection.php(419): CodeIgniter\Database\MySQLi\Connection->connect(false)
#2 C:\Users\Admin\Documents\GitHub\Farmart\agriconnect-ci4\vendor\codeigniter4\framework\system\Database\BaseConnection.php(614): CodeIgniter\Database\BaseConnection->initialize()
#3 C:\Users\Admin\Documents\GitHub\Farmart\agriconnect-ci4\vendor\codeigniter4\framework\system\Database\BaseBuilder.php(1649): CodeIgniter\Database\BaseConnection->query('SELECT `product...', Array, false)
#4 C:\Users\Admin\Documents\GitHub\Farmart\agriconnect-ci4\vendor\codeigniter4\framework\system\Model.php(925): CodeIgniter\Database\BaseBuilder->get()
#5 C:\Users\Admin\Documents\GitHub\Farmart\agriconnect-ci4\app\Models\ProductModel.php(69): CodeIgniter\Model->__call('get', Array)
#6 C:\Users\Admin\Documents\GitHub\Farmart\agriconnect-ci4\app\Controllers\Home.php(18): App\Models\ProductModel->getAvailableProducts(8)
#7 C:\Users\Admin\Documents\GitHub\Farmart\agriconnect-ci4\vendor\codeigniter4\framework\system\CodeIgniter.php(933): App\Controllers\Home->index()
#8 C:\Users\Admin\Documents\GitHub\Farmart\agriconnect-ci4\vendor\codeigniter4\framework\system\CodeIgniter.php(507): CodeIgniter\CodeIgniter->runController(Object(App\Controllers\Home))
#9 C:\Users\Admin\Documents\GitHub\Farmart\agriconnect-ci4\vendor\codeigniter4\framework\system\CodeIgniter.php(354): CodeIgniter\CodeIgniter->handleRequest(NULL, Object(Config\Cache), false)
#10 C:\Users\Admin\Documents\GitHub\Farmart\agriconnect-ci4\vendor\codeigniter4\framework\system\Boot.php(363): CodeIgniter\CodeIgniter->run()
#11 C:\Users\Admin\Documents\GitHub\Farmart\agriconnect-ci4\vendor\codeigniter4\framework\system\Boot.php(68): CodeIgniter\Boot::runCodeIgniter(Object(CodeIgniter\CodeIgniter))
#12 C:\Users\Admin\Documents\GitHub\Farmart\agriconnect-ci4\public\index.php(59): CodeIgniter\Boot::bootWeb(Object(Config\Paths))
#13 C:\Users\Admin\Documents\GitHub\Farmart\agriconnect-ci4\vendor\codeigniter4\framework\system\rewrite.php(44): require_once('C:\\Users\\Admin\\...')
#14 {main}

Next CodeIgniter\Database\Exceptions\DatabaseException: Access denied for user ''@'localhost' (using password: NO) in C:\Users\Admin\Documents\GitHub\Farmart\agriconnect-ci4\vendor\codeigniter4\framework\system\Database\MySQLi\Connection.php:246
Stack trace:
#0 C:\Users\Admin\Documents\GitHub\Farmart\agriconnect-ci4\vendor\codeigniter4\framework\system\Database\BaseConnection.php(419): CodeIgniter\Database\MySQLi\Connection->connect(false)
#1 C:\Users\Admin\Documents\GitHub\Farmart\agriconnect-ci4\vendor\codeigniter4\framework\system\Database\BaseConnection.php(614): CodeIgniter\Database\BaseConnection->initialize()
#2 C:\Users\Admin\Documents\GitHub\Farmart\agriconnect-ci4\vendor\codeigniter4\framework\system\Database\BaseBuilder.php(1649): CodeIgniter\Database\BaseConnection->query('SELECT `product...', Array, false)
#3 C:\Users\Admin\Documents\GitHub\Farmart\agriconnect-ci4\vendor\codeigniter4\framework\system\Model.php(925): CodeIgniter\Database\BaseBuilder->get()
#4 C:\Users\Admin\Documents\GitHub\Farmart\agriconnect-ci4\app\Models\ProductModel.php(69): CodeIgniter\Model->__call('get', Array)
#5 C:\Users\Admin\Documents\GitHub\Farmart\agriconnect-ci4\app\Controllers\Home.php(18): App\Models\ProductModel->getAvailableProducts(8)
#6 C:\Users\Admin\Documents\GitHub\Farmart\agriconnect-ci4\vendor\codeigniter4\framework\system\CodeIgniter.php(933): App\Controllers\Home->index()
#7 C:\Users\Admin\Documents\GitHub\Farmart\agriconnect-ci4\vendor\codeigniter4\framework\system\CodeIgniter.php(507): CodeIgniter\CodeIgniter->runController(Object(App\Controllers\Home))
#8 C:\Users\Admin\Documents\GitHub\Farmart\agriconnect-ci4\vendor\codeigniter4\framework\system\CodeIgniter.php(354): CodeIgniter\CodeIgniter->handleRequest(NULL, Object(Config\Cache), false)
#9 C:\Users\Admin\Documents\GitHub\Farmart\agriconnect-ci4\vendor\codeigniter4\framework\system\Boot.php(363): CodeIgniter\CodeIgniter->run()
#10 C:\Users\Admin\Documents\GitHub\Farmart\agriconnect-ci4\vendor\codeigniter4\framework\system\Boot.php(68): CodeIgniter\Boot::runCodeIgniter(Object(CodeIgniter\CodeIgniter))
#11 C:\Users\Admin\Documents\GitHub\Farmart\agriconnect-ci4\public\index.php(59): CodeIgniter\Boot::bootWeb(Object(Config\Paths))
#12 C:\Users\Admin\Documents\GitHub\Farmart\agriconnect-ci4\vendor\codeigniter4\framework\system\rewrite.php(44): require_once('C:\\Users\\Admin\\...')
#13 {main}
ERROR - 2025-11-20 04:48:37 --> Failed to load featured products: Unable to connect to the database.
Main connection [MySQLi]: Access denied for user ''@'localhost' (using password: NO)
CRITICAL - 2025-11-20 04:48:38 --> CodeIgniter\View\Exceptions\ViewException: Invalid file: "errors/404.php"
[Method: GET, Route: assets/css/globals.css]
in SYSTEMPATH\Exceptions\FrameworkException.php on line 39.
 1 SYSTEMPATH\View\View.php(214): CodeIgniter\Exceptions\FrameworkException::forInvalidFile('errors/404.php')
 2 SYSTEMPATH\Common.php(1167): CodeIgniter\View\View->render('errors/404', [], true)
 3 APPPATH\Config\Routes.php(190): view('errors/404')
 4 SYSTEMPATH\CodeIgniter.php(957): CodeIgniter\Router\RouteCollection->{closure}('Can\'t find a route for \'GET: assets/css/globals.css\'.')
 5 SYSTEMPATH\CodeIgniter.php(360): CodeIgniter\CodeIgniter->display404errors(Object(CodeIgniter\Exceptions\PageNotFoundException))
 6 SYSTEMPATH\Boot.php(363): CodeIgniter\CodeIgniter->run()
 7 SYSTEMPATH\Boot.php(68): CodeIgniter\Boot::runCodeIgniter(Object(CodeIgniter\CodeIgniter))
 8 FCPATH\index.php(59): CodeIgniter\Boot::bootWeb(Object(Config\Paths))
 9 SYSTEMPATH\rewrite.php(44): require_once('C:\\Users\\Admin\\Documents\\GitHub\\Farmart\\agriconnect-ci4\\public\\index.php')
ERROR - 2025-11-20 04:48:44 --> Error connecting to the database: mysqli_sql_exception: Access denied for user ''@'localhost' (using password: NO) in C:\Users\Admin\Documents\GitHub\Farmart\agriconnect-ci4\vendor\codeigniter4\framework\system\Database\MySQLi\Connection.php:201
Stack trace:
#0 C:\Users\Admin\Documents\GitHub\Farmart\agriconnect-ci4\vendor\codeigniter4\framework\system\Database\MySQLi\Connection.php(201): mysqli->real_connect('localhost', '', Object(SensitiveParameterValue), '', 3306, '', 0)
#1 C:\Users\Admin\Documents\GitHub\Farmart\agriconnect-ci4\vendor\codeigniter4\framework\system\Database\BaseConnection.php(419): CodeIgniter\Database\MySQLi\Connection->connect(false)
#2 C:\Users\Admin\Documents\GitHub\Farmart\agriconnect-ci4\vendor\codeigniter4\framework\system\Database\BaseConnection.php(614): CodeIgniter\Database\BaseConnection->initialize()
#3 C:\Users\Admin\Documents\GitHub\Farmart\agriconnect-ci4\vendor\codeigniter4\framework\system\Database\BaseBuilder.php(1649): CodeIgniter\Database\BaseConnection->query('SELECT `product...', Array, false)
#4 C:\Users\Admin\Documents\GitHub\Farmart\agriconnect-ci4\vendor\codeigniter4\framework\system\Model.php(925): CodeIgniter\Database\BaseBuilder->get()
#5 C:\Users\Admin\Documents\GitHub\Farmart\agriconnect-ci4\app\Models\ProductModel.php(69): CodeIgniter\Model->__call('get', Array)
#6 C:\Users\Admin\Documents\GitHub\Farmart\agriconnect-ci4\app\Controllers\Home.php(18): App\Models\ProductModel->getAvailableProducts(8)
#7 C:\Users\Admin\Documents\GitHub\Farmart\agriconnect-ci4\vendor\codeigniter4\framework\system\CodeIgniter.php(933): App\Controllers\Home->index()
#8 C:\Users\Admin\Documents\GitHub\Farmart\agriconnect-ci4\vendor\codeigniter4\framework\system\CodeIgniter.php(507): CodeIgniter\CodeIgniter->runController(Object(App\Controllers\Home))
#9 C:\Users\Admin\Documents\GitHub\Farmart\agriconnect-ci4\vendor\codeigniter4\framework\system\CodeIgniter.php(354): CodeIgniter\CodeIgniter->handleRequest(NULL, Object(Config\Cache), false)
#10 C:\Users\Admin\Documents\GitHub\Farmart\agriconnect-ci4\vendor\codeigniter4\framework\system\Boot.php(363): CodeIgniter\CodeIgniter->run()
#11 C:\Users\Admin\Documents\GitHub\Farmart\agriconnect-ci4\vendor\codeigniter4\framework\system\Boot.php(68): CodeIgniter\Boot::runCodeIgniter(Object(CodeIgniter\CodeIgniter))
#12 C:\Users\Admin\Documents\GitHub\Farmart\agriconnect-ci4\public\index.php(59): CodeIgniter\Boot::bootWeb(Object(Config\Paths))
#13 C:\Users\Admin\Documents\GitHub\Farmart\agriconnect-ci4\vendor\codeigniter4\framework\system\rewrite.php(44): require_once('C:\\Users\\Admin\\...')
#14 {main}

Next CodeIgniter\Database\Exceptions\DatabaseException: Access denied for user ''@'localhost' (using password: NO) in C:\Users\Admin\Documents\GitHub\Farmart\agriconnect-ci4\vendor\codeigniter4\framework\system\Database\MySQLi\Connection.php:246
Stack trace:
#0 C:\Users\Admin\Documents\GitHub\Farmart\agriconnect-ci4\vendor\codeigniter4\framework\system\Database\BaseConnection.php(419): CodeIgniter\Database\MySQLi\Connection->connect(false)
#1 C:\Users\Admin\Documents\GitHub\Farmart\agriconnect-ci4\vendor\codeigniter4\framework\system\Database\BaseConnection.php(614): CodeIgniter\Database\BaseConnection->initialize()
#2 C:\Users\Admin\Documents\GitHub\Farmart\agriconnect-ci4\vendor\codeigniter4\framework\system\Database\BaseBuilder.php(1649): CodeIgniter\Database\BaseConnection->query('SELECT `product...', Array, false)
#3 C:\Users\Admin\Documents\GitHub\Farmart\agriconnect-ci4\vendor\codeigniter4\framework\system\Model.php(925): CodeIgniter\Database\BaseBuilder->get()
#4 C:\Users\Admin\Documents\GitHub\Farmart\agriconnect-ci4\app\Models\ProductModel.php(69): CodeIgniter\Model->__call('get', Array)
#5 C:\Users\Admin\Documents\GitHub\Farmart\agriconnect-ci4\app\Controllers\Home.php(18): App\Models\ProductModel->getAvailableProducts(8)
#6 C:\Users\Admin\Documents\GitHub\Farmart\agriconnect-ci4\vendor\codeigniter4\framework\system\CodeIgniter.php(933): App\Controllers\Home->index()
#7 C:\Users\Admin\Documents\GitHub\Farmart\agriconnect-ci4\vendor\codeigniter4\framework\system\CodeIgniter.php(507): CodeIgniter\CodeIgniter->runController(Object(App\Controllers\Home))
#8 C:\Users\Admin\Documents\GitHub\Farmart\agriconnect-ci4\vendor\codeigniter4\framework\system\CodeIgniter.php(354): CodeIgniter\CodeIgniter->handleRequest(NULL, Object(Config\Cache), false)
#9 C:\Users\Admin\Documents\GitHub\Farmart\agriconnect-ci4\vendor\codeigniter4\framework\system\Boot.php(363): CodeIgniter\CodeIgniter->run()
#10 C:\Users\Admin\Documents\GitHub\Farmart\agriconnect-ci4\vendor\codeigniter4\framework\system\Boot.php(68): CodeIgniter\Boot::runCodeIgniter(Object(CodeIgniter\CodeIgniter))
#11 C:\Users\Admin\Documents\GitHub\Farmart\agriconnect-ci4\public\index.php(59): CodeIgniter\Boot::bootWeb(Object(Config\Paths))
#12 C:\Users\Admin\Documents\GitHub\Farmart\agriconnect-ci4\vendor\codeigniter4\framework\system\rewrite.php(44): require_once('C:\\Users\\Admin\\...')
#13 {main}
ERROR - 2025-11-20 04:48:44 --> Failed to load featured products: Unable to connect to the database.
Main connection [MySQLi]: Access denied for user ''@'localhost' (using password: NO)
CRITICAL - 2025-11-20 04:48:45 --> CodeIgniter\View\Exceptions\ViewException: Invalid file: "errors/404.php"
[Method: GET, Route: assets/css/globals.css]
in SYSTEMPATH\Exceptions\FrameworkException.php on line 39.
 1 SYSTEMPATH\View\View.php(214): CodeIgniter\Exceptions\FrameworkException::forInvalidFile('errors/404.php')
 2 SYSTEMPATH\Common.php(1167): CodeIgniter\View\View->render('errors/404', [], true)
 3 APPPATH\Config\Routes.php(190): view('errors/404')
 4 SYSTEMPATH\CodeIgniter.php(957): CodeIgniter\Router\RouteCollection->{closure}('Can\'t find a route for \'GET: assets/css/globals.css\'.')
 5 SYSTEMPATH\CodeIgniter.php(360): CodeIgniter\CodeIgniter->display404errors(Object(CodeIgniter\Exceptions\PageNotFoundException))
 6 SYSTEMPATH\Boot.php(363): CodeIgniter\CodeIgniter->run()
 7 SYSTEMPATH\Boot.php(68): CodeIgniter\Boot::runCodeIgniter(Object(CodeIgniter\CodeIgniter))
 8 FCPATH\index.php(59): CodeIgniter\Boot::bootWeb(Object(Config\Paths))
 9 SYSTEMPATH\rewrite.php(44): require_once('C:\\Users\\Admin\\Documents\\GitHub\\Farmart\\agriconnect-ci4\\public\\index.php')
ERROR - 2025-11-20 04:48:46 --> Error connecting to the database: mysqli_sql_exception: Access denied for user ''@'localhost' (using password: NO) in C:\Users\Admin\Documents\GitHub\Farmart\agriconnect-ci4\vendor\codeigniter4\framework\system\Database\MySQLi\Connection.php:201
Stack trace:
#0 C:\Users\Admin\Documents\GitHub\Farmart\agriconnect-ci4\vendor\codeigniter4\framework\system\Database\MySQLi\Connection.php(201): mysqli->real_connect('localhost', '', Object(SensitiveParameterValue), '', 3306, '', 0)
#1 C:\Users\Admin\Documents\GitHub\Farmart\agriconnect-ci4\vendor\codeigniter4\framework\system\Database\BaseConnection.php(419): CodeIgniter\Database\MySQLi\Connection->connect(false)
#2 C:\Users\Admin\Documents\GitHub\Farmart\agriconnect-ci4\vendor\codeigniter4\framework\system\Database\BaseConnection.php(614): CodeIgniter\Database\BaseConnection->initialize()
#3 C:\Users\Admin\Documents\GitHub\Farmart\agriconnect-ci4\vendor\codeigniter4\framework\system\Database\BaseBuilder.php(1649): CodeIgniter\Database\BaseConnection->query('SELECT `product...', Array, false)
#4 C:\Users\Admin\Documents\GitHub\Farmart\agriconnect-ci4\vendor\codeigniter4\framework\system\Model.php(925): CodeIgniter\Database\BaseBuilder->get()
#5 C:\Users\Admin\Documents\GitHub\Farmart\agriconnect-ci4\app\Models\ProductModel.php(131): CodeIgniter\Model->__call('get', Array)
#6 C:\Users\Admin\Documents\GitHub\Farmart\agriconnect-ci4\app\Controllers\Marketplace.php(22): App\Models\ProductModel->searchProducts(Array)
#7 C:\Users\Admin\Documents\GitHub\Farmart\agriconnect-ci4\vendor\codeigniter4\framework\system\CodeIgniter.php(933): App\Controllers\Marketplace->index()
#8 C:\Users\Admin\Documents\GitHub\Farmart\agriconnect-ci4\vendor\codeigniter4\framework\system\CodeIgniter.php(507): CodeIgniter\CodeIgniter->runController(Object(App\Controllers\Marketplace))
#9 C:\Users\Admin\Documents\GitHub\Farmart\agriconnect-ci4\vendor\codeigniter4\framework\system\CodeIgniter.php(354): CodeIgniter\CodeIgniter->handleRequest(NULL, Object(Config\Cache), false)
#10 C:\Users\Admin\Documents\GitHub\Farmart\agriconnect-ci4\vendor\codeigniter4\framework\system\Boot.php(363): CodeIgniter\CodeIgniter->run()
#11 C:\Users\Admin\Documents\GitHub\Farmart\agriconnect-ci4\vendor\codeigniter4\framework\system\Boot.php(68): CodeIgniter\Boot::runCodeIgniter(Object(CodeIgniter\CodeIgniter))
#12 C:\Users\Admin\Documents\GitHub\Farmart\agriconnect-ci4\public\index.php(59): CodeIgniter\Boot::bootWeb(Object(Config\Paths))
#13 C:\Users\Admin\Documents\GitHub\Farmart\agriconnect-ci4\vendor\codeigniter4\framework\system\rewrite.php(44): require_once('C:\\Users\\Admin\\...')
#14 {main}

Next CodeIgniter\Database\Exceptions\DatabaseException: Access denied for user ''@'localhost' (using password: NO) in C:\Users\Admin\Documents\GitHub\Farmart\agriconnect-ci4\vendor\codeigniter4\framework\system\Database\MySQLi\Connection.php:246
Stack trace:
#0 C:\Users\Admin\Documents\GitHub\Farmart\agriconnect-ci4\vendor\codeigniter4\framework\system\Database\BaseConnection.php(419): CodeIgniter\Database\MySQLi\Connection->connect(false)
#1 C:\Users\Admin\Documents\GitHub\Farmart\agriconnect-ci4\vendor\codeigniter4\framework\system\Database\BaseConnection.php(614): CodeIgniter\Database\BaseConnection->initialize()
#2 C:\Users\Admin\Documents\GitHub\Farmart\agriconnect-ci4\vendor\codeigniter4\framework\system\Database\BaseBuilder.php(1649): CodeIgniter\Database\BaseConnection->query('SELECT `product...', Array, false)
#3 C:\Users\Admin\Documents\GitHub\Farmart\agriconnect-ci4\vendor\codeigniter4\framework\system\Model.php(925): CodeIgniter\Database\BaseBuilder->get()
#4 C:\Users\Admin\Documents\GitHub\Farmart\agriconnect-ci4\app\Models\ProductModel.php(131): CodeIgniter\Model->__call('get', Array)
#5 C:\Users\Admin\Documents\GitHub\Farmart\agriconnect-ci4\app\Controllers\Marketplace.php(22): App\Models\ProductModel->searchProducts(Array)
#6 C:\Users\Admin\Documents\GitHub\Farmart\agriconnect-ci4\vendor\codeigniter4\framework\system\CodeIgniter.php(933): App\Controllers\Marketplace->index()
#7 C:\Users\Admin\Documents\GitHub\Farmart\agriconnect-ci4\vendor\codeigniter4\framework\system\CodeIgniter.php(507): CodeIgniter\CodeIgniter->runController(Object(App\Controllers\Marketplace))
#8 C:\Users\Admin\Documents\GitHub\Farmart\agriconnect-ci4\vendor\codeigniter4\framework\system\CodeIgniter.php(354): CodeIgniter\CodeIgniter->handleRequest(NULL, Object(Config\Cache), false)
#9 C:\Users\Admin\Documents\GitHub\Farmart\agriconnect-ci4\vendor\codeigniter4\framework\system\Boot.php(363): CodeIgniter\CodeIgniter->run()
#10 C:\Users\Admin\Documents\GitHub\Farmart\agriconnect-ci4\vendor\codeigniter4\framework\system\Boot.php(68): CodeIgniter\Boot::runCodeIgniter(Object(CodeIgniter\CodeIgniter))
#11 C:\Users\Admin\Documents\GitHub\Farmart\agriconnect-ci4\public\index.php(59): CodeIgniter\Boot::bootWeb(Object(Config\Paths))
#12 C:\Users\Admin\Documents\GitHub\Farmart\agriconnect-ci4\vendor\codeigniter4\framework\system\rewrite.php(44): require_once('C:\\Users\\Admin\\...')
#13 {main}
CRITICAL - 2025-11-20 04:48:46 --> CodeIgniter\Database\Exceptions\DatabaseException: Unable to connect to the database.
Main connection [MySQLi]: Access denied for user ''@'localhost' (using password: NO)
[Method: GET, Route: marketplace]
in SYSTEMPATH\Database\BaseConnection.php on line 465.
 1 SYSTEMPATH\Database\BaseConnection.php(614): CodeIgniter\Database\BaseConnection->initialize()
 2 SYSTEMPATH\Database\BaseBuilder.php(1649): CodeIgniter\Database\BaseConnection->query('SELECT `products`.*, `users`.`name` as `farmer_name`, `users`.`cooperative`
FROM `products`
JOIN `users` ON `users`.`id` = `products`.`farmer_id`
WHERE `products`.`status` = :products.status:
ORDER BY `products`.`created_at` DESC', [...], false)
 3 SYSTEMPATH\Model.php(925): CodeIgniter\Database\BaseBuilder->get()
 4 APPPATH\Models\ProductModel.php(131): CodeIgniter\Model->__call('get', [])
 5 APPPATH\Controllers\Marketplace.php(22): App\Models\ProductModel->searchProducts([...])
 6 SYSTEMPATH\CodeIgniter.php(933): App\Controllers\Marketplace->index()
 7 SYSTEMPATH\CodeIgniter.php(507): CodeIgniter\CodeIgniter->runController(Object(App\Controllers\Marketplace))
 8 SYSTEMPATH\CodeIgniter.php(354): CodeIgniter\CodeIgniter->handleRequest(null, Object(Config\Cache), false)
 9 SYSTEMPATH\Boot.php(363): CodeIgniter\CodeIgniter->run()
10 SYSTEMPATH\Boot.php(68): CodeIgniter\Boot::runCodeIgniter(Object(CodeIgniter\CodeIgniter))
11 FCPATH\index.php(59): CodeIgniter\Boot::bootWeb(Object(Config\Paths))
12 SYSTEMPATH\rewrite.php(44): require_once('C:\\Users\\Admin\\Documents\\GitHub\\Farmart\\agriconnect-ci4\\public\\index.php')
ERROR - 2025-11-20 04:58:53 --> Error connecting to the database: mysqli_sql_exception: Access denied for user ''@'localhost' (using password: NO) in C:\Users\Admin\Documents\GitHub\Farmart\agriconnect-ci4\vendor\codeigniter4\framework\system\Database\MySQLi\Connection.php:201
Stack trace:
#0 C:\Users\Admin\Documents\GitHub\Farmart\agriconnect-ci4\vendor\codeigniter4\framework\system\Database\MySQLi\Connection.php(201): mysqli->real_connect('localhost', '', Object(SensitiveParameterValue), '', 3306, '', 0)
#1 C:\Users\Admin\Documents\GitHub\Farmart\agriconnect-ci4\vendor\codeigniter4\framework\system\Database\BaseConnection.php(419): CodeIgniter\Database\MySQLi\Connection->connect(false)
#2 C:\Users\Admin\Documents\GitHub\Farmart\agriconnect-ci4\vendor\codeigniter4\framework\system\Database\BaseConnection.php(614): CodeIgniter\Database\BaseConnection->initialize()
#3 C:\Users\Admin\Documents\GitHub\Farmart\agriconnect-ci4\vendor\codeigniter4\framework\system\Database\BaseBuilder.php(1649): CodeIgniter\Database\BaseConnection->query('SELECT `product...', Array, false)
#4 C:\Users\Admin\Documents\GitHub\Farmart\agriconnect-ci4\vendor\codeigniter4\framework\system\Model.php(925): CodeIgniter\Database\BaseBuilder->get()
#5 C:\Users\Admin\Documents\GitHub\Farmart\agriconnect-ci4\app\Models\ProductModel.php(69): CodeIgniter\Model->__call('get', Array)
#6 C:\Users\Admin\Documents\GitHub\Farmart\agriconnect-ci4\app\Controllers\Home.php(18): App\Models\ProductModel->getAvailableProducts(8)
#7 C:\Users\Admin\Documents\GitHub\Farmart\agriconnect-ci4\vendor\codeigniter4\framework\system\CodeIgniter.php(933): App\Controllers\Home->index()
#8 C:\Users\Admin\Documents\GitHub\Farmart\agriconnect-ci4\vendor\codeigniter4\framework\system\CodeIgniter.php(507): CodeIgniter\CodeIgniter->runController(Object(App\Controllers\Home))
#9 C:\Users\Admin\Documents\GitHub\Farmart\agriconnect-ci4\vendor\codeigniter4\framework\system\CodeIgniter.php(354): CodeIgniter\CodeIgniter->handleRequest(NULL, Object(Config\Cache), false)
#10 C:\Users\Admin\Documents\GitHub\Farmart\agriconnect-ci4\vendor\codeigniter4\framework\system\Boot.php(363): CodeIgniter\CodeIgniter->run()
#11 C:\Users\Admin\Documents\GitHub\Farmart\agriconnect-ci4\vendor\codeigniter4\framework\system\Boot.php(68): CodeIgniter\Boot::runCodeIgniter(Object(CodeIgniter\CodeIgniter))
#12 C:\Users\Admin\Documents\GitHub\Farmart\agriconnect-ci4\public\index.php(59): CodeIgniter\Boot::bootWeb(Object(Config\Paths))
#13 C:\Users\Admin\Documents\GitHub\Farmart\agriconnect-ci4\vendor\codeigniter4\framework\system\rewrite.php(44): require_once('C:\\Users\\Admin\\...')
#14 {main}

Next CodeIgniter\Database\Exceptions\DatabaseException: Access denied for user ''@'localhost' (using password: NO) in C:\Users\Admin\Documents\GitHub\Farmart\agriconnect-ci4\vendor\codeigniter4\framework\system\Database\MySQLi\Connection.php:246
Stack trace:
#0 C:\Users\Admin\Documents\GitHub\Farmart\agriconnect-ci4\vendor\codeigniter4\framework\system\Database\BaseConnection.php(419): CodeIgniter\Database\MySQLi\Connection->connect(false)
#1 C:\Users\Admin\Documents\GitHub\Farmart\agriconnect-ci4\vendor\codeigniter4\framework\system\Database\BaseConnection.php(614): CodeIgniter\Database\BaseConnection->initialize()
#2 C:\Users\Admin\Documents\GitHub\Farmart\agriconnect-ci4\vendor\codeigniter4\framework\system\Database\BaseBuilder.php(1649): CodeIgniter\Database\BaseConnection->query('SELECT `product...', Array, false)
#3 C:\Users\Admin\Documents\GitHub\Farmart\agriconnect-ci4\vendor\codeigniter4\framework\system\Model.php(925): CodeIgniter\Database\BaseBuilder->get()
#4 C:\Users\Admin\Documents\GitHub\Farmart\agriconnect-ci4\app\Models\ProductModel.php(69): CodeIgniter\Model->__call('get', Array)
#5 C:\Users\Admin\Documents\GitHub\Farmart\agriconnect-ci4\app\Controllers\Home.php(18): App\Models\ProductModel->getAvailableProducts(8)
#6 C:\Users\Admin\Documents\GitHub\Farmart\agriconnect-ci4\vendor\codeigniter4\framework\system\CodeIgniter.php(933): App\Controllers\Home->index()
#7 C:\Users\Admin\Documents\GitHub\Farmart\agriconnect-ci4\vendor\codeigniter4\framework\system\CodeIgniter.php(507): CodeIgniter\CodeIgniter->runController(Object(App\Controllers\Home))
#8 C:\Users\Admin\Documents\GitHub\Farmart\agriconnect-ci4\vendor\codeigniter4\framework\system\CodeIgniter.php(354): CodeIgniter\CodeIgniter->handleRequest(NULL, Object(Config\Cache), false)
#9 C:\Users\Admin\Documents\GitHub\Farmart\agriconnect-ci4\vendor\codeigniter4\framework\system\Boot.php(363): CodeIgniter\CodeIgniter->run()
#10 C:\Users\Admin\Documents\GitHub\Farmart\agriconnect-ci4\vendor\codeigniter4\framework\system\Boot.php(68): CodeIgniter\Boot::runCodeIgniter(Object(CodeIgniter\CodeIgniter))
#11 C:\Users\Admin\Documents\GitHub\Farmart\agriconnect-ci4\public\index.php(59): CodeIgniter\Boot::bootWeb(Object(Config\Paths))
#12 C:\Users\Admin\Documents\GitHub\Farmart\agriconnect-ci4\vendor\codeigniter4\framework\system\rewrite.php(44): require_once('C:\\Users\\Admin\\...')
#13 {main}
ERROR - 2025-11-20 04:58:53 --> Failed to load featured products: Unable to connect to the database.
Main connection [MySQLi]: Access denied for user ''@'localhost' (using password: NO)
CRITICAL - 2025-11-20 04:58:53 --> CodeIgniter\View\Exceptions\ViewException: Invalid file: "errors/404.php"
[Method: GET, Route: assets/css/globals.css]
in SYSTEMPATH\Exceptions\FrameworkException.php on line 39.
 1 SYSTEMPATH\View\View.php(214): CodeIgniter\Exceptions\FrameworkException::forInvalidFile('errors/404.php')
 2 SYSTEMPATH\Common.php(1167): CodeIgniter\View\View->render('errors/404', [], true)
 3 APPPATH\Config\Routes.php(190): view('errors/404')
 4 SYSTEMPATH\CodeIgniter.php(957): CodeIgniter\Router\RouteCollection->{closure}('Can\'t find a route for \'GET: assets/css/globals.css\'.')
 5 SYSTEMPATH\CodeIgniter.php(360): CodeIgniter\CodeIgniter->display404errors(Object(CodeIgniter\Exceptions\PageNotFoundException))
 6 SYSTEMPATH\Boot.php(363): CodeIgniter\CodeIgniter->run()
 7 SYSTEMPATH\Boot.php(68): CodeIgniter\Boot::runCodeIgniter(Object(CodeIgniter\CodeIgniter))
 8 FCPATH\index.php(59): CodeIgniter\Boot::bootWeb(Object(Config\Paths))
 9 SYSTEMPATH\rewrite.php(44): require_once('C:\\Users\\Admin\\Documents\\GitHub\\Farmart\\agriconnect-ci4\\public\\index.php')
CRITICAL - 2025-11-20 04:58:57 --> CodeIgniter\View\Exceptions\ViewException: Invalid file: "errors/404.php"
[Method: GET, Route: weather]
in SYSTEMPATH\Exceptions\FrameworkException.php on line 39.
 1 SYSTEMPATH\View\View.php(214): CodeIgniter\Exceptions\FrameworkException::forInvalidFile('errors/404.php')
 2 SYSTEMPATH\Common.php(1167): CodeIgniter\View\View->render('errors/404', [], true)
 3 APPPATH\Config\Routes.php(190): view('errors/404')
 4 SYSTEMPATH\CodeIgniter.php(957): CodeIgniter\Router\RouteCollection->{closure}('Controller or its method is not found: \\App\\Controllers\\Weather::index')
 5 SYSTEMPATH\CodeIgniter.php(360): CodeIgniter\CodeIgniter->display404errors(Object(CodeIgniter\Exceptions\PageNotFoundException))
 6 SYSTEMPATH\Boot.php(363): CodeIgniter\CodeIgniter->run()
 7 SYSTEMPATH\Boot.php(68): CodeIgniter\Boot::runCodeIgniter(Object(CodeIgniter\CodeIgniter))
 8 FCPATH\index.php(59): CodeIgniter\Boot::bootWeb(Object(Config\Paths))
 9 SYSTEMPATH\rewrite.php(44): require_once('C:\\Users\\Admin\\Documents\\GitHub\\Farmart\\agriconnect-ci4\\public\\index.php')
